<?xml version="1.0" encoding="UTF-8"?>
<!-- Generated by org.testng.reporters.JUnitReportReporter -->
<testsuite hostname="ISMAIL-PC" name="com.howtodoinjava.demo.model.FirstTestNGFile" tests="1" failures="0" timestamp="30 Dec 2016 07:19:46 GMT" time="0.025" errors="0">
  <testcase name="f" time="0.025" classname="com.howtodoinjava.demo.model.FirstTestNGFile"/>
</testsuite> <!-- com.howtodoinjava.demo.model.FirstTestNGFile -->
