<?xml version="1.0" encoding="UTF-8"?>
<!-- Generated by org.testng.reporters.JUnitReportReporter -->
<testsuite hostname="ISMAIL-PC" name="com.howtodoinjava.demo.model.CampaignRedeemAccepted" tests="1" failures="0" timestamp="1 Mar 2017 13:48:25 GMT" time="2.744" errors="0">
  <testcase name="checkthemembertypecode" time="2.744" classname="com.howtodoinjava.demo.model.CampaignRedeemAccepted"/>
</testsuite> <!-- com.howtodoinjava.demo.model.CampaignRedeemAccepted -->
